# JRE version: Java(TM) SE Runtime Environment (8.0_25-b18) (build 1.8.0_25-b18)
# Java VM: Java HotSpot(TM) 64-Bit Server VM (25.25-b02 mixed mode windows-amd64 compressed oops)
Heap:
 PSYoungGen      total 81408K, used 38414K [0x00000000e0600000, 0x00000000e6500000, 0x0000000100000000)
  eden space 75264K, 43% used [0x00000000e0600000,0x00000000e25b9478,0x00000000e4f80000)
  from space 6144K, 96% used [0x00000000e5f00000,0x00000000e64ca408,0x00000000e6500000)
  to   space 9216K, 0% used [0x00000000e5300000,0x00000000e5300000,0x00000000e5c00000)
 ParOldGen       total 52224K, used 9515K [0x00000000a1200000, 0x00000000a4500000, 0x00000000e0600000)
  object space 52224K, 18% used [0x00000000a1200000,0x00000000a1b4ac58,0x00000000a4500000)
 Metaspace       used 47557K, capacity 48018K, committed 48216K, reserved 1089536K
  class space    used 7396K, capacity 7514K, committed 7552K, reserved 1048576K
GC Heap History (10 events):
Event: 11.800 GC heap before
{Heap before GC invocations=6 (full 1):
 PSYoungGen      total 28672K, used 28659K [0x00000000e0600000, 0x00000000e3980000, 0x0000000100000000)
  eden space 24576K, 100% used [0x00000000e0600000,0x00000000e1e00000,0x00000000e1e00000)
  from space 4096K, 99% used [0x00000000e2200000,0x00000000e25fccc0,0x00000000e2600000)
  to   space 4096K, 0% used [0x00000000e1e00000,0x00000000e1e00000,0x00000000e2200000)
 ParOldGen       total 44544K, used 9751K [0x00000000a1200000, 0x00000000a3d80000, 0x00000000e0600000)
  object space 44544K, 21% used [0x00000000a1200000,0x00000000a1b85f00,0x00000000a3d80000)
 Metaspace       used 29229K, capacity 29460K, committed 29824K, reserved 1075200K
  class space    used 4372K, capacity 4454K, committed 4480K, reserved 1048576K
Event: 11.807 GC heap after
Heap after GC invocations=6 (full 1):
 PSYoungGen      total 28672K, used 4064K [0x00000000e0600000, 0x00000000e4400000, 0x0000000100000000)
  eden space 24576K, 0% used [0x00000000e0600000,0x00000000e0600000,0x00000000e1e00000)
  from space 4096K, 99% used [0x00000000e1e00000,0x00000000e21f8378,0x00000000e2200000)
  to   space 9216K, 0% used [0x00000000e3b00000,0x00000000e3b00000,0x00000000e4400000)
 ParOldGen       total 44544K, used 11692K [0x00000000a1200000, 0x00000000a3d80000, 0x00000000e0600000)
  object space 44544K, 26% used [0x00000000a1200000,0x00000000a1d6b030,0x00000000a3d80000)
 Metaspace       used 29229K, capacity 29460K, committed 29824K, reserved 1075200K
  class space    used 4372K, capacity 4454K, committed 4480K, reserved 1048576K
}
Event: 16.186 GC heap before
{Heap before GC invocations=7 (full 1):
 PSYoungGen      total 28672K, used 28640K [0x00000000e0600000, 0x00000000e4400000, 0x0000000100000000)
  eden space 24576K, 100% used [0x00000000e0600000,0x00000000e1e00000,0x00000000e1e00000)
  from space 4096K, 99% used [0x00000000e1e00000,0x00000000e21f8378,0x00000000e2200000)
  to   space 9216K, 0% used [0x00000000e3b00000,0x00000000e3b00000,0x00000000e4400000)
 ParOldGen       total 44544K, used 11692K [0x00000000a1200000, 0x00000000a3d80000, 0x00000000e0600000)
  object space 44544K, 26% used [0x00000000a1200000,0x00000000a1d6b030,0x00000000a3d80000)
 Metaspace       used 33441K, capacity 33588K, committed 33920K, reserved 1077248K
  class space    used 5081K, capacity 5126K, committed 5248K, reserved 1048576K
Event: 16.192 GC heap after
Heap after GC invocations=7 (full 1):
 PSYoungGen      total 52224K, used 7294K [0x00000000e0600000, 0x00000000e4300000, 0x0000000100000000)
  eden space 44032K, 0% used [0x00000000e0600000,0x00000000e0600000,0x00000000e3100000)
  from space 8192K, 89% used [0x00000000e3b00000,0x00000000e421fa28,0x00000000e4300000)
  to   space 9216K, 0% used [0x00000000e3100000,0x00000000e3100000,0x00000000e3a00000)
 ParOldGen       total 44544K, used 11700K [0x00000000a1200000, 0x00000000a3d80000, 0x00000000e0600000)
  object space 44544K, 26% used [0x00000000a1200000,0x00000000a1d6d030,0x00000000a3d80000)
 Metaspace       used 33441K, capacity 33588K, committed 33920K, reserved 1077248K
  class space    used 5081K, capacity 5126K, committed 5248K, reserved 1048576K
}
Event: 16.313 GC heap before
{Heap before GC invocations=8 (full 1):
 PSYoungGen      total 52224K, used 17448K [0x00000000e0600000, 0x00000000e4300000, 0x0000000100000000)
  eden space 44032K, 23% used [0x00000000e0600000,0x00000000e0fea898,0x00000000e3100000)
  from space 8192K, 89% used [0x00000000e3b00000,0x00000000e421fa28,0x00000000e4300000)
  to   space 9216K, 0% used [0x00000000e3100000,0x00000000e3100000,0x00000000e3a00000)
 ParOldGen       total 44544K, used 11700K [0x00000000a1200000, 0x00000000a3d80000, 0x00000000e0600000)
  object space 44544K, 26% used [0x00000000a1200000,0x00000000a1d6d030,0x00000000a3d80000)
 Metaspace       used 35016K, capacity 35220K, committed 35416K, reserved 1079296K
  class space    used 5416K, capacity 5478K, committed 5504K, reserved 1048576K
Event: 16.316 GC heap after
Heap after GC invocations=8 (full 1):
 PSYoungGen      total 53248K, used 4723K [0x00000000e0600000, 0x00000000e6800000, 0x0000000100000000)
  eden space 44032K, 0% used [0x00000000e0600000,0x00000000e0600000,0x00000000e3100000)
  from space 9216K, 51% used [0x00000000e3100000,0x00000000e359cc18,0x00000000e3a00000)
  to   space 9216K, 0% used [0x00000000e5f00000,0x00000000e5f00000,0x00000000e6800000)
 ParOldGen       total 44544K, used 11700K [0x00000000a1200000, 0x00000000a3d80000, 0x00000000e0600000)
  object space 44544K, 26% used [0x00000000a1200000,0x00000000a1d6d030,0x00000000a3d80000)
 Metaspace       used 35016K, capacity 35220K, committed 35416K, reserved 1079296K
  class space    used 5416K, capacity 5478K, committed 5504K, reserved 1048576K
}
Event: 16.316 GC heap before
{Heap before GC invocations=9 (full 2):
 PSYoungGen      total 53248K, used 4723K [0x00000000e0600000, 0x00000000e6800000, 0x0000000100000000)
  eden space 44032K, 0% used [0x00000000e0600000,0x00000000e0600000,0x00000000e3100000)
  from space 9216K, 51% used [0x00000000e3100000,0x00000000e359cc18,0x00000000e3a00000)
  to   space 9216K, 0% used [0x00000000e5f00000,0x00000000e5f00000,0x00000000e6800000)
 ParOldGen       total 44544K, used 11700K [0x00000000a1200000, 0x00000000a3d80000, 0x00000000e0600000)
  object space 44544K, 26% used [0x00000000a1200000,0x00000000a1d6d030,0x00000000a3d80000)
 Metaspace       used 35016K, capacity 35220K, committed 35416K, reserved 1079296K
  class space    used 5416K, capacity 5478K, committed 5504K, reserved 1048576K
Event: 16.351 GC heap after
Heap after GC invocations=9 (full 2):
 PSYoungGen      total 53248K, used 0K [0x00000000e0600000, 0x00000000e6800000, 0x0000000100000000)
  eden space 44032K, 0% used [0x00000000e0600000,0x00000000e0600000,0x00000000e3100000)
  from space 9216K, 0% used [0x00000000e3100000,0x00000000e3100000,0x00000000e3a00000)
  to   space 9216K, 0% used [0x00000000e5f00000,0x00000000e5f00000,0x00000000e6800000)
 ParOldGen       total 52224K, used 9507K [0x00000000a1200000, 0x00000000a4500000, 0x00000000e0600000)
  object space 52224K, 18% used [0x00000000a1200000,0x00000000a1b48c58,0x00000000a4500000)
 Metaspace       used 35016K, capacity 35220K, committed 35416K, reserved 1079296K
  class space    used 5416K, capacity 5478K, committed 5504K, reserved 1048576K
}
Event: 21.080 GC heap before
{Heap before GC invocations=10 (full 2):
 PSYoungGen      total 53248K, used 44032K [0x00000000e0600000, 0x00000000e6800000, 0x0000000100000000)
  eden space 44032K, 100% used [0x00000000e0600000,0x00000000e3100000,0x00000000e3100000)
  from space 9216K, 0% used [0x00000000e3100000,0x00000000e3100000,0x00000000e3a00000)
  to   space 9216K, 0% used [0x00000000e5f00000,0x00000000e5f00000,0x00000000e6800000)
 ParOldGen       total 52224K, used 9507K [0x00000000a1200000, 0x00000000a4500000, 0x00000000e0600000)
  object space 52224K, 18% used [0x00000000a1200000,0x00000000a1b48c58,0x00000000a4500000)
 Metaspace       used 40781K, capacity 41128K, committed 41432K, reserved 1083392K
  class space    used 6450K, capacity 6533K, committed 6656K, reserved 1048576K
Event: 21.085 GC heap after
Heap after GC invocations=10 (full 2):
 PSYoungGen      total 81408K, used 5929K [0x00000000e0600000, 0x00000000e6500000, 0x0000000100000000)
  eden space 75264K, 0% used [0x00000000e0600000,0x00000000e0600000,0x00000000e4f80000)
  from space 6144K, 96% used [0x00000000e5f00000,0x00000000e64ca408,0x00000000e6500000)
  to   space 9216K, 0% used [0x00000000e5300000,0x00000000e5300000,0x00000000e5c00000)
 ParOldGen       total 52224K, used 9515K [0x00000000a1200000, 0x00000000a4500000, 0x00000000e0600000)
  object space 52224K, 18% used [0x00000000a1200000,0x00000000a1b4ac58,0x00000000a4500000)
 Metaspace       used 40781K, capacity 41128K, committed 41432K, reserved 1083392K
  class space    used 6450K, capacity 6533K, committed 6656K, reserved 1048576K
}

