# JRE version: Java(TM) SE Runtime Environment (8.0_25-b18) (build 1.8.0_25-b18)
# Java VM: Java HotSpot(TM) 64-Bit Server VM (25.25-b02 mixed mode windows-amd64 compressed oops)
Heap:
 PSYoungGen      total 28672K, used 4095K [0x00000000e0600000, 0x00000000e2600000, 0x0000000100000000)
  eden space 24576K, 0% used [0x00000000e0600000,0x00000000e0600000,0x00000000e1e00000)
  from space 4096K, 99% used [0x00000000e1e00000,0x00000000e21ffec8,0x00000000e2200000)
  to   space 4096K, 0% used [0x00000000e2200000,0x00000000e2200000,0x00000000e2600000)
 ParOldGen       total 65536K, used 5458K [0x00000000a1200000, 0x00000000a5200000, 0x00000000e0600000)
  object space 65536K, 8% used [0x00000000a1200000,0x00000000a17548a0,0x00000000a5200000)
 Metaspace       used 17753K, capacity 17848K, committed 17920K, reserved 1071104K
  class space    used 2513K, capacity 2558K, committed 2560K, reserved 1048576K
GC Heap History (5 events):
Event: 0.866 GC heap before
{Heap before GC invocations=1 (full 0):
 PSYoungGen      total 28672K, used 24576K [0x00000000e0600000, 0x00000000e2600000, 0x0000000100000000)
  eden space 24576K, 100% used [0x00000000e0600000,0x00000000e1e00000,0x00000000e1e00000)
  from space 4096K, 0% used [0x00000000e2200000,0x00000000e2200000,0x00000000e2600000)
  to   space 4096K, 0% used [0x00000000e1e00000,0x00000000e1e00000,0x00000000e2200000)
 ParOldGen       total 65536K, used 0K [0x00000000a1200000, 0x00000000a5200000, 0x00000000e0600000)
  object space 65536K, 0% used [0x00000000a1200000,0x00000000a1200000,0x00000000a5200000)
 Metaspace       used 10404K, capacity 10512K, committed 10624K, reserved 1058816K
  class space    used 1549K, capacity 1588K, committed 1664K, reserved 1048576K
Event: 0.872 GC heap after
Heap after GC invocations=1 (full 0):
 PSYoungGen      total 28672K, used 4087K [0x00000000e0600000, 0x00000000e2600000, 0x0000000100000000)
  eden space 24576K, 0% used [0x00000000e0600000,0x00000000e0600000,0x00000000e1e00000)
  from space 4096K, 99% used [0x00000000e1e00000,0x00000000e21fde38,0x00000000e2200000)
  to   space 4096K, 0% used [0x00000000e2200000,0x00000000e2200000,0x00000000e2600000)
 ParOldGen       total 65536K, used 1319K [0x00000000a1200000, 0x00000000a5200000, 0x00000000e0600000)
  object space 65536K, 2% used [0x00000000a1200000,0x00000000a1349df8,0x00000000a5200000)
 Metaspace       used 10404K, capacity 10512K, committed 10624K, reserved 1058816K
  class space    used 1549K, capacity 1588K, committed 1664K, reserved 1048576K
}
Event: 11.212 GC heap before
{Heap before GC invocations=2 (full 0):
 PSYoungGen      total 28672K, used 28663K [0x00000000e0600000, 0x00000000e2600000, 0x0000000100000000)
  eden space 24576K, 100% used [0x00000000e0600000,0x00000000e1e00000,0x00000000e1e00000)
  from space 4096K, 99% used [0x00000000e1e00000,0x00000000e21fde38,0x00000000e2200000)
  to   space 4096K, 0% used [0x00000000e2200000,0x00000000e2200000,0x00000000e2600000)
 ParOldGen       total 65536K, used 1319K [0x00000000a1200000, 0x00000000a5200000, 0x00000000e0600000)
  object space 65536K, 2% used [0x00000000a1200000,0x00000000a1349df8,0x00000000a5200000)
 Metaspace       used 16194K, capacity 16338K, committed 16512K, reserved 1062912K
  class space    used 2292K, capacity 2333K, committed 2432K, reserved 1048576K
Event: 11.217 GC heap after
Heap after GC invocations=2 (full 0):
 PSYoungGen      total 28672K, used 4089K [0x00000000e0600000, 0x00000000e2600000, 0x0000000100000000)
  eden space 24576K, 0% used [0x00000000e0600000,0x00000000e0600000,0x00000000e1e00000)
  from space 4096K, 99% used [0x00000000e2200000,0x00000000e25fe628,0x00000000e2600000)
  to   space 4096K, 0% used [0x00000000e1e00000,0x00000000e1e00000,0x00000000e2200000)
 ParOldGen       total 65536K, used 3676K [0x00000000a1200000, 0x00000000a5200000, 0x00000000e0600000)
  object space 65536K, 5% used [0x00000000a1200000,0x00000000a1597340,0x00000000a5200000)
 Metaspace       used 16194K, capacity 16338K, committed 16512K, reserved 1062912K
  class space    used 2292K, capacity 2333K, committed 2432K, reserved 1048576K
}
Event: 11.401 GC heap before
{Heap before GC invocations=3 (full 0):
 PSYoungGen      total 28672K, used 15541K [0x00000000e0600000, 0x00000000e2600000, 0x0000000100000000)
  eden space 24576K, 46% used [0x00000000e0600000,0x00000000e112f050,0x00000000e1e00000)
  from space 4096K, 99% used [0x00000000e2200000,0x00000000e25fe628,0x00000000e2600000)
  to   space 4096K, 0% used [0x00000000e1e00000,0x00000000e1e00000,0x00000000e2200000)
 ParOldGen       total 65536K, used 3676K [0x00000000a1200000, 0x00000000a5200000, 0x00000000e0600000)
  object space 65536K, 5% used [0x00000000a1200000,0x00000000a1597340,0x00000000a5200000)
 Metaspace       used 17753K, capacity 17848K, committed 17920K, reserved 1071104K
  class space    used 2513K, capacity 2558K, committed 2560K, reserved 1048576K

